ARM GAS  main.asm 			page 1


   1              	.section .data
   2              	
   3              	    .equ    AGE,            0
   4              	    .equ    WEIGHT,         8
   5              	    .equ    HEIGHT,         16
   6              	    .equ    PERSON_SIZE,    24
   7              	
   8              	
   9 0000 11000000 	    people:     .quad      17, 70, 174
   9      00000000 
   9      46000000 
   9      00000000 
   9      AE000000 
  10 0018 19000000 	                .quad      25, 65, 180
  10      00000000 
  10      41000000 
  10      00000000 
  10      B4000000 
  11 0030 24000000 	                .quad      36, 80, 190
  11      00000000 
  11      50000000 
  11      00000000 
  11      BE000000 
  12              	        people.TYPE     = 8
  13              	        people.SIZEOF   = (. - people)
  14              	        people.LENGTHOF = (people.SIZEOF / people.TYPE)
  15              	        people.QUANTITY = (people.SIZEOF / PERSON_SIZE)
  16              	
  17              	.section .bss
  18              	.section .text
  19              	.global  _start
  20              	    _start:
  21              	        // r1 will act as a counter 
  22 0000 0310A0E3 	        mov     r1,     #people.QUANTITY
  23              	        // r2 will hold the address to the array 
  24 0004 3C209FE5 	        ldr     r2,     =people
  25 0008 002082E2 	        add     r2,     r2,     #AGE
  26              	
  27 000c 000092E5 	        ldr     r0,     [r2]
  28              	
  29              	
  30              	
  31              	    theloop:
  32 0010 000051E3 	        cmp     r1,     #0
  33 0014 0900000A 	        beq     finish
  34              	        
  35 0018 003092E5 	        ldr     r3,     [r2]
  36              	
  37 001c 000053E1 	        cmp     r3,     r0
  38 0020 020000BA 	        blt     action
  39              	
  40 0024 011041E2 	        sub     r1,     r1,     #1
  41 0028 182082E2 	        add     r2,     r2,     #PERSON_SIZE
  42 002c F7FFFFEA 	        b       theloop
  43              	
  44              	    action:
  45 0030 0300A0E1 	        mov     r0,     r3
ARM GAS  main.asm 			page 2


  46 0034 011041E2 	        sub     r1,     r1,     #1
  47 0038 182082E2 	        add     r2,     r2,     #PERSON_SIZE
  48 003c F3FFFFEA 	        b       theloop
  49              	
  50              	    finish:
  51 0040 0170A0E3 	        mov     r7,     #1
  52 0044 000000EF 	        svc     #0
  52      00000000 
ARM GAS  main.asm 			page 3


DEFINED SYMBOLS
            main.asm:3      *ABS*:0000000000000000 AGE
            main.asm:4      *ABS*:0000000000000008 WEIGHT
            main.asm:5      *ABS*:0000000000000010 HEIGHT
            main.asm:6      *ABS*:0000000000000018 PERSON_SIZE
            main.asm:9      .data:0000000000000000 people
            main.asm:12     *ABS*:0000000000000008 people.TYPE
            main.asm:13     *ABS*:0000000000000048 people.SIZEOF
            main.asm:14     *ABS*:0000000000000009 people.LENGTHOF
            main.asm:15     *ABS*:0000000000000003 people.QUANTITY
            main.asm:20     .text:0000000000000000 _start
            main.asm:22     .text:0000000000000000 $a
            main.asm:31     .text:0000000000000010 theloop
            main.asm:50     .text:0000000000000040 finish
            main.asm:44     .text:0000000000000030 action
            main.asm:52     .text:0000000000000048 $d

NO UNDEFINED SYMBOLS
