     1                                  ; Assembler 32bit template
     2                                  
     3                                  bits 32
     4                                  section .data
     5                                  ;variables with values go here
     6                                  section .bss
     7                                  ;reserved memory goes here
     8                                  section .text
     9                                  ;Your program code goes here
    10                                  
    11                                  	global _start
    12                                  _start:
    13 00000000 90                          nop
    14                                  	
    15 00000001 B8FFFFFFFF              	mov	eax,	0ffffffffh
    16 00000006 B022                    	mov	al,	22h
    17 00000008 B411                    	mov	ah,	11h	
    18 0000000A 66B83333                	mov	ax,	3333h
    19                                  
    20                                  
    21                                  
    22                                  	;Your program code should go here
    23                                  
    24                                  	;Do not remove/change the lines below here.
    25                                  	;These exit out of the application and back
    26                                  	;to linux in an orderly fashion
    27 0000000E 90                      	nop
    28 0000000F B801000000              	mov eax,1      ; Exit system call value
    29 00000014 BB00000000              	mov ebx,0      ; Exit return code
    30 00000019 CD80                    	int 80h        ; Call the kernel
