AARCH64 GAS  main.asm 			page 1


   1              	
   2              	.section .data
   3              	    .equ    MY_CONSTANT1,   44
   4              	.section .bss
   5              	.section .text
   6              	.global _start
   7              	    _start:
   8 0000 800580D2 	        mov     x0,     MY_CONSTANT1 
   9 0004 81058052 	        mov     w1,     MY_CONSTANT1
  10              	    
  11              	    
  12 0008 A80B8052 	        mov w8, #93 		//Move 93, end program, into w8
  13 000c 010000D4 	        svc #0				//Poke the kernel
  14              	
AARCH64 GAS  main.asm 			page 2


DEFINED SYMBOLS
            main.asm:3      *ABS*:000000000000002c MY_CONSTANT1
            main.asm:7      .text:0000000000000000 _start
            main.asm:8      .text:0000000000000000 $x

NO UNDEFINED SYMBOLS
