     1                                  section .data
     2 00000000 00                      	aByteVar	db	0h
     3 00000001 FFFF                    	aWordVar	dw	0ffffh
     4 00000003 67452301                	aDwordVar	dd	01234567h
     5 00000007 4523018967452301        	aQwordVar	dq	0123456789012345h
     6                                  	
     7 0000000F 66E6F642                	aDwordFloat	dd	123.45	;Single Precision
     8 00000013 CDCCCCCCCCDC5E40        	aQwordFloat	dq	123.45	;Double Precision
     9 0000001B 666666666666E6F605-     	aTwordFloat	dt	123.45	;Extended Precision
     9 00000024 40                 
    10                                  
    11 00000025 4100                    	aChar 		db	"A",0h
    12 00000027 48656C6C6F20546865-     	aString		db	"Hello There",0h
    12 00000030 726500             
    13 00000033 50726F6772616D2045-     	aString2	db	"Program Error - Try Again", 0ah, 0dh, 0h ; \n, endl
    13 0000003C 72726F72202D205472-
    13 00000045 7920416761696E0A0D-
    13 0000004E 00                 
    14                                  
    15 0000004F 0A141E2832              	byteArray	db	10,20,30,40,50
    16 00000054 6400C8002C019001F4-     	wordArray	dw	100,200,300,400,500
    16 0000005D 01                 
    17 0000005E E8030000D0070000B8-     	dWordArray	dd	1000,2000,3000
    17 00000067 0B0000             
    18 0000006A 220000000000000041-     	qWordArray	dq	34, 'A', 5953h, 23h
    18 00000073 000000000000005359-
    18 0000007C 000000000000230000-
    18 00000085 0000000000         
    19 0000008A 414243                  	charArray	db	'A', 'B', 'C'
    20 0000008D 414243                  	charArray2	db	'ABC'
    21 00000090 00000000000080F605-     	floatArray	dt	123.25, 456.22
    21 00000099 40295C8FC2F5281CE4-
    21 000000A2 0740               
    22                                  	
    23                                  	;Repeating Array Initializer
    24 000000A4 00<rep 2710h>           	bigByteArray	times	10000	db	0h
    25                                  
    26                                  
    27                                  section .bss
    28 00000000 ??                      	aByteVar2	resb	1
    29 00000001 <res 28h>               	aWordVar2	resw	20	; Reserve 20 words or 40 bytes 
    30 00000029 ????????                	aDwordVar2	resd	1	
    31 0000002D ????????????????        	aQwordVar2	resq	1	
    32                                  	
    33 00000035 <res Ah>                	allocMemory	times 	10 	resb	1
    34                                  
    35                                  section .text
    36                                  global  _start 
    37                                  	_start:
    38                                  
    39                                  
    40                                  
    41                                  
    42                                  
    43                                  
    44                                  
    45 00000000 B83C000000              	mov		rax, 60					;60 = system exit
    46 00000005 BF0E000000              	mov		rdi, 14					;0 = return code
    47 0000000A 0F05                    	syscall							;Poke the kernel
